<?xml version="1.0" encoding="UTF-8"?>
<testng-results total="2" passed="2" failed="0" skipped="0">
  <reporter-output>
  </reporter-output>
  <suite started-at="2021-02-24T04:20:24Z" name="testCases.LoginPageTest" finished-at="2021-02-24T04:20:45Z" duration-ms="20863">
    <groups>
    </groups>
    <test started-at="2021-02-24T04:20:24Z" name="Command line test" finished-at="2021-02-24T04:20:45Z" duration-ms="20863">
      <class name="testCases.LoginPageTest">
        <test-method is-config="true" signature="setUp()[pri:0, instance:testCases.LoginPageTest@163e4e87]" started-at="2021-02-23T22:20:24Z" name="setUp" finished-at="2021-02-23T22:20:29Z" duration-ms="5299" status="PASS">
          <reporter-output>
          </reporter-output>
        </test-method> <!-- setUp -->
        <test-method signature="LoginTest()[pri:0, instance:testCases.LoginPageTest@163e4e87]" started-at="2021-02-23T22:20:29Z" name="LoginTest" finished-at="2021-02-23T22:20:32Z" duration-ms="2440" status="PASS">
          <reporter-output>
          </reporter-output>
        </test-method> <!-- LoginTest -->
        <test-method is-config="true" signature="tearDown()[pri:0, instance:testCases.LoginPageTest@163e4e87]" started-at="2021-02-23T22:20:32Z" name="tearDown" finished-at="2021-02-23T22:20:33Z" duration-ms="928" status="PASS">
          <reporter-output>
          </reporter-output>
        </test-method> <!-- tearDown -->
        <test-method is-config="true" signature="setUp()[pri:0, instance:testCases.LoginPageTest@163e4e87]" started-at="2021-02-23T22:20:33Z" name="setUp" finished-at="2021-02-23T22:20:40Z" duration-ms="7153" status="PASS">
          <reporter-output>
          </reporter-output>
        </test-method> <!-- setUp -->
        <test-method signature="loginTestPage()[pri:0, instance:testCases.LoginPageTest@163e4e87]" started-at="2021-02-23T22:20:40Z" name="loginTestPage" finished-at="2021-02-23T22:20:43Z" duration-ms="2936" status="PASS">
          <reporter-output>
          </reporter-output>
        </test-method> <!-- loginTestPage -->
        <test-method is-config="true" signature="tearDown()[pri:0, instance:testCases.LoginPageTest@163e4e87]" started-at="2021-02-23T22:20:43Z" name="tearDown" finished-at="2021-02-23T22:20:45Z" duration-ms="2092" status="PASS">
          <reporter-output>
          </reporter-output>
        </test-method> <!-- tearDown -->
      </class> <!-- testCases.LoginPageTest -->
    </test> <!-- Command line test -->
  </suite> <!-- testCases.LoginPageTest -->
</testng-results>
