<?xml version="1.0" encoding="UTF-8"?>
<testng-results total="2" passed="2" failed="0" skipped="0">
  <reporter-output>
  </reporter-output>
  <suite started-at="2021-02-24T04:19:42Z" name="Default suite" finished-at="2021-02-24T04:19:55Z" duration-ms="13221">
    <groups>
    </groups>
    <test started-at="2021-02-24T04:19:42Z" name="Default test" finished-at="2021-02-24T04:19:55Z" duration-ms="13221">
      <class name="testCases.LoginPageTest">
        <test-method is-config="true" signature="setUp()[pri:0, instance:testCases.LoginPageTest@27912e3]" started-at="2021-02-23T22:19:42Z" name="setUp" finished-at="2021-02-23T22:19:47Z" duration-ms="4455" status="PASS">
          <reporter-output>
          </reporter-output>
        </test-method> <!-- setUp -->
        <test-method signature="LoginTest()[pri:0, instance:testCases.LoginPageTest@27912e3]" started-at="2021-02-23T22:19:47Z" name="LoginTest" finished-at="2021-02-23T22:19:49Z" duration-ms="2108" status="PASS">
          <reporter-output>
          </reporter-output>
        </test-method> <!-- LoginTest -->
        <test-method is-config="true" signature="tearDown()[pri:0, instance:testCases.LoginPageTest@27912e3]" started-at="2021-02-23T22:19:49Z" name="tearDown" finished-at="2021-02-23T22:19:50Z" duration-ms="879" status="PASS">
          <reporter-output>
          </reporter-output>
        </test-method> <!-- tearDown -->
        <test-method is-config="true" signature="setUp()[pri:0, instance:testCases.LoginPageTest@27912e3]" started-at="2021-02-23T22:19:50Z" name="setUp" finished-at="2021-02-23T22:19:53Z" duration-ms="3126" status="PASS">
          <reporter-output>
          </reporter-output>
        </test-method> <!-- setUp -->
        <test-method signature="loginTestPage()[pri:0, instance:testCases.LoginPageTest@27912e3]" started-at="2021-02-23T22:19:53Z" name="loginTestPage" finished-at="2021-02-23T22:19:55Z" duration-ms="1873" status="PASS">
          <reporter-output>
          </reporter-output>
        </test-method> <!-- loginTestPage -->
        <test-method is-config="true" signature="tearDown()[pri:0, instance:testCases.LoginPageTest@27912e3]" started-at="2021-02-23T22:19:55Z" name="tearDown" finished-at="2021-02-23T22:19:55Z" duration-ms="758" status="PASS">
          <reporter-output>
          </reporter-output>
        </test-method> <!-- tearDown -->
      </class> <!-- testCases.LoginPageTest -->
    </test> <!-- Default test -->
  </suite> <!-- Default suite -->
</testng-results>
